2026-05-12 10:19:00, SELF, v:1, k:ed@+recursao, self:1, rate:100, study:12
2026-05-12 10:19:03, MOVE, v:1, k:ed@triangulo, mode:DOWN
2026-05-12 10:19:08, MOVE, v:1, k:ed@triangulo, mode:PICK
2026-05-12 10:19:03, MOVE, v:1, k:ed@triangulo, mode:EDIT
2026-05-12 10:19:03, MOVE, v:1, k:ed@triangulo, mode:EDIT
2026-05-12 10:19:03, MOVE, v:1, k:ed@triangulo, mode:EDIT
2026-05-12 10:23:53, MOVE, v:1, k:ed@triangulo, mode:BACK
2026-05-12 10:29:59, MOVE, v:1, k:ed@triangulo, mode:EDIT
2026-05-12 10:34:57, MOVE, v:1, k:ed@triangulo, mode:EDIT
2026-05-12 10:39:13, MOVE, v:1, k:ed@triangulo, mode:PICK
2026-05-12 10:39:16, EXEC, v:1, k:ed@triangulo, mode:FULL, size:55, fail:COMP
2026-05-12 10:42:08, EXEC, v:1, k:ed@triangulo, mode:FULL, fail:COMP
2026-05-12 10:42:26, MOVE, v:1, k:ed@triangulo, mode:EDIT
2026-05-12 10:42:32, EXEC, v:1, k:ed@triangulo, mode:FULL, size:55, fail:COMP
2026-05-12 10:45:21, EXEC, v:1, k:ed@triangulo, mode:FULL, size:58, fail:COMP
2026-05-12 10:46:50, MOVE, v:1, k:ed@triangulo, mode:EDIT
2026-05-12 10:49:17, EXEC, v:1, k:ed@triangulo, mode:FULL, size:58, fail:COMP
2026-05-12 10:49:53, EXEC, v:1, k:ed@triangulo, mode:FULL, size:58, fail:COMP
2026-05-12 10:50:22, MOVE, v:1, k:ed@triangulo, mode:EDIT
2026-05-12 10:53:38, MOVE, v:1, k:ed@triangulo, mode:EDIT
2026-05-12 11:00:32, MOVE, v:1, k:ed@triangulo, mode:EDIT
2026-05-12 11:05:53, EXEC, v:1, k:ed@triangulo, mode:FULL, rate:0, size:61
2026-05-12 11:07:14, MOVE, v:1, k:ed@triangulo, mode:BACK
2026-05-12 11:05:50, MOVE, v:1, k:ed@triangulo, mode:EDIT
2026-05-12 11:09:02, MOVE, v:1, k:ed@triangulo, mode:PICK
2026-05-12 11:09:02, EXEC, v:1, k:ed@triangulo, mode:FULL, rate:0
2026-05-12 11:10:29, EXEC, v:1, k:ed@triangulo, mode:FULL, rate:0
2026-05-12 11:11:35, EXEC, v:1, k:ed@triangulo, mode:FULL, rate:0, size:60
2026-05-12 11:11:51, EXEC, v:1, k:ed@triangulo, mode:FULL, size:60, fail:COMP
2026-05-12 11:12:02, EXEC, v:1, k:ed@triangulo, mode:FULL, size:60, fail:COMP
2026-05-12 11:12:09, EXEC, v:1, k:ed@triangulo, mode:FULL, fail:COMP
2026-05-12 11:12:11, EXEC, v:1, k:ed@triangulo, mode:FULL, fail:COMP
2026-05-12 11:12:14, EXEC, v:1, k:ed@triangulo, mode:FULL, rate:0, size:60
2026-05-12 11:12:12, MOVE, v:1, k:ed@triangulo, mode:EDIT
2026-05-12 11:13:17, EXEC, v:1, k:ed@triangulo, mode:FULL, size:60, fail:COMP
2026-05-12 11:15:44, EXEC, v:1, k:ed@triangulo, mode:FULL, rate:0, size:62
2026-05-12 11:16:11, EXEC, v:1, k:ed@triangulo, mode:FULL, rate:0, size:60
2026-05-12 11:16:32, EXEC, v:1, k:ed@triangulo, mode:FULL, rate:0
2026-05-12 11:16:35, EXEC, v:1, k:ed@triangulo, mode:FULL, rate:0, size:60
2026-05-12 11:16:43, EXEC, v:1, k:ed@triangulo, mode:FULL, rate:0, size:60
2026-05-12 11:16:56, EXEC, v:1, k:ed@triangulo, mode:FULL, rate:0, size:60
2026-05-12 11:17:03, EXEC, v:1, k:ed@triangulo, mode:FULL, rate:0, size:60
2026-05-12 11:17:13, EXEC, v:1, k:ed@triangulo, mode:FULL, rate:0
2026-05-12 11:17:01, MOVE, v:1, k:ed@triangulo, mode:EDIT
2026-05-12 11:17:42, EXEC, v:1, k:ed@triangulo, mode:FULL, rate:0
2026-05-12 11:17:45, EXEC, v:1, k:ed@triangulo, mode:FULL, rate:0, size:60
2026-05-12 11:17:56, EXEC, v:1, k:ed@triangulo, mode:FULL, rate:100, size:60
2026-05-12 11:18:10, MOVE, v:1, k:ed@triangulo, mode:BACK
2026-05-12 11:18:36, SELF, v:1, k:ed@triangulo, self:1, rate:100, study:60
2026-05-12 11:18:39, MOVE, v:1, k:ed@treinando, mode:DOWN
2026-05-12 11:18:43, MOVE, v:1, k:ed@treinando, mode:PICK
2026-05-12 11:18:53, MOVE, v:1, k:ed@treinando, mode:BACK
