2026-04-12 17:05:30, MOVE, v:1, k:ed@pintando, mode:DOWN
2026-04-12 17:08:03, MOVE, v:1, k:ed@princesa, mode:PICK
2026-04-12 17:09:04, EXEC, v:1, k:ed@princesa, mode:FULL, rate:0, size:5
2026-04-12 17:33:23, MOVE, v:1, k:ed@princesa, mode:EDIT
2026-04-12 17:47:52, MOVE, v:1, k:ed@princesa, mode:EDIT
2026-04-12 17:54:43, MOVE, v:1, k:ed@princesa, mode:EDIT
2026-04-12 17:59:25, MOVE, v:1, k:ed@princesa, mode:EDIT
2026-04-12 18:05:16, EXEC, v:1, k:ed@princesa, mode:FULL, rate:0, size:36
2026-04-12 18:06:14, MOVE, v:1, k:ed@princesa, mode:EDIT
2026-04-12 18:06:17, EXEC, v:1, k:ed@princesa, mode:FULL, rate:0, size:37
2026-04-12 18:07:29, EXEC, v:1, k:ed@princesa, mode:FULL, rate:0, size:39
2026-04-12 18:07:48, EXEC, v:1, k:ed@princesa, mode:FULL, rate:0, size:39
2026-04-12 18:08:57, EXEC, v:1, k:ed@princesa, mode:FULL, rate:0
2026-04-12 18:09:04, EXEC, v:1, k:ed@princesa, mode:FULL, rate:0, size:39
2026-04-12 18:10:22, EXEC, v:1, k:ed@princesa, mode:FULL, rate:0, size:38
2026-04-12 18:10:49, EXEC, v:1, k:ed@princesa, mode:FULL, rate:0, size:39
2026-04-12 18:10:47, MOVE, v:1, k:ed@princesa, mode:EDIT
2026-04-12 18:18:16, EXEC, v:1, k:ed@princesa, mode:FULL, rate:0, size:40
2026-04-12 18:18:26, EXEC, v:1, k:ed@princesa, mode:FULL, rate:0
2026-04-12 18:18:38, EXEC, v:1, k:ed@princesa, mode:FULL, rate:0, size:40
2026-04-12 18:19:16, EXEC, v:1, k:ed@princesa, mode:FULL, rate:0, size:40
2026-04-12 18:19:58, EXEC, v:1, k:ed@princesa, mode:FULL, rate:0, size:40
2026-04-12 18:21:05, MOVE, v:1, k:ed@princesa, mode:EDIT
2026-04-12 18:21:19, EXEC, v:1, k:ed@princesa, mode:FULL, rate:0, size:38
2026-04-12 18:23:42, EXEC, v:1, k:ed@princesa, mode:FULL, rate:0, size:39
2026-04-12 18:24:00, EXEC, v:1, k:ed@princesa, mode:FULL, rate:0, size:39
2026-04-12 18:24:08, EXEC, v:1, k:ed@princesa, mode:FULL, rate:0, size:39
2026-04-12 18:24:51, EXEC, v:1, k:ed@princesa, mode:FULL, rate:0, size:39
2026-04-12 18:25:17, EXEC, v:1, k:ed@princesa, mode:FULL, rate:0, size:39
2026-04-12 18:25:33, EXEC, v:1, k:ed@princesa, mode:FULL, rate:0, size:39
2026-04-12 18:26:00, EXEC, v:1, k:ed@princesa, mode:FULL, rate:0, size:39
2026-04-12 18:25:54, MOVE, v:1, k:ed@princesa, mode:EDIT
2026-04-12 18:27:03, EXEC, v:1, k:ed@princesa, mode:FULL, rate:0, size:39
2026-04-12 18:27:24, EXEC, v:1, k:ed@princesa, mode:FULL, rate:0, size:40
2026-04-12 18:27:49, EXEC, v:1, k:ed@princesa, mode:FULL, size:40, fail:COMP
2026-04-12 18:28:02, EXEC, v:1, k:ed@princesa, mode:FULL, rate:0, size:40
2026-04-12 18:28:17, EXEC, v:1, k:ed@princesa, mode:FULL, rate:0, size:40
2026-04-12 18:30:21, EXEC, v:1, k:ed@princesa, mode:FULL, rate:0, size:40
2026-04-12 18:30:29, EXEC, v:1, k:ed@princesa, mode:FULL, rate:100, size:40
2026-04-12 18:30:45, MOVE, v:1, k:ed@princesa, mode:BACK
2026-04-12 18:30:26, MOVE, v:1, k:ed@princesa, mode:EDIT
2026-04-12 18:31:29, SELF, v:1, k:ed@princesa, self:1, rate:100, study:50, guided:1
2026-04-12 18:31:31, MOVE, v:1, k:ed@princesa, mode:PICK
2026-04-12 18:31:33, MOVE, v:1, k:ed@princesa, mode:BACK
2026-04-12 18:31:40, SELF, v:1, k:ed@princesa, self:1, rate:100, study:50
2026-04-12 18:31:42, MOVE, v:1, k:ed@apagando, mode:DOWN
2026-04-12 18:32:05, MOVE, v:1, k:ed@apagando, mode:PICK
2026-04-12 18:32:12, EXEC, v:1, k:ed@apagando, mode:FREE, size:4
2026-04-12 18:32:19, MOVE, v:1, k:ed@apagando, mode:BACK
2026-04-12 18:32:34, MOVE, v:1, k:sandbox@user_001, mode:PICK
2026-04-12 18:33:06, MOVE, v:1, k:sandbox@user_001, mode:BACK
2026-04-12 18:33:27, MOVE, v:1, k:sandbox@user_001, mode:PICK
2026-04-12 18:31:42, MOVE, v:1, k:ed@apagando, mode:EDIT
2026-04-12 18:31:42, MOVE, v:1, k:ed@apagando, mode:EDIT
2026-04-12 18:31:42, MOVE, v:1, k:ed@apagando, mode:EDIT
2026-04-12 18:31:56, MOVE, v:1, k:ed@princesa, mode:EDIT
2026-04-12 18:32:26, MOVE, v:1, k:sandbox@user_001, mode:EDIT
2026-04-12 18:41:59, MOVE, v:1, k:ed@apagando, mode:EDIT
2026-04-12 19:46:16, EXEC, v:1, k:sandbox@user_001, mode:LOCK, rate:0, size:5
2026-04-12 19:43:11, MOVE, v:1, k:ed@apagando, mode:EDIT
2026-04-12 19:46:23, EXEC, v:1, k:sandbox@user_001, mode:LOCK, rate:0
2026-04-12 19:46:31, MOVE, v:1, k:sandbox@user_001, mode:BACK
2026-04-12 19:46:38, MOVE, v:1, k:ed@apagando, mode:PICK
2026-04-12 19:46:40, EXEC, v:1, k:ed@apagando, mode:FULL, rate:0, size:20
2026-04-12 19:46:22, MOVE, v:1, k:ed@apagando, mode:EDIT
2026-04-12 19:54:58, EXEC, v:1, k:ed@apagando, mode:FULL, rate:0, size:34
2026-04-12 19:55:24, EXEC, v:1, k:ed@apagando, mode:FULL, rate:0, size:34
2026-04-12 19:55:39, EXEC, v:1, k:ed@apagando, mode:FULL, rate:100, size:33
