2026-06-06 20:29:16, MOVE, v:1, k:ed@lista_d2, mode:DOWN
2026-06-06 20:29:20, MOVE, v:1, k:ed@lista_d2, mode:PICK
2026-06-06 20:30:34, EXEC, v:1, k:ed@lista_d2, mode:FULL, rate:0, size:93
2026-06-06 20:29:16, MOVE, v:1, k:ed@lista_d2, mode:EDIT
2026-06-06 20:29:16, MOVE, v:1, k:ed@lista_d2, mode:EDIT
2026-06-06 20:32:31, MOVE, v:1, k:ed@lista_d2, mode:EDIT
2026-06-06 20:29:16, MOVE, v:1, k:ed@lista_d2, mode:EDIT
2026-06-06 20:38:41, MOVE, v:1, k:ed@lista_d2, mode:EDIT
2026-06-06 20:41:52, MOVE, v:1, k:ed@lista_d2, mode:EDIT
2026-06-06 20:48:58, MOVE, v:1, k:ed@lista_d2, mode:EDIT
2026-06-06 20:50:58, EXEC, v:1, k:ed@lista_d2, mode:FULL, rate:20, size:166
2026-06-06 20:50:53, MOVE, v:1, k:ed@lista_d2, mode:EDIT
2026-06-06 20:54:35, EXEC, v:1, k:ed@lista_d2, mode:FULL, rate:40, size:187
2026-06-06 20:59:03, MOVE, v:1, k:ed@lista_d2, mode:EDIT
2026-06-06 21:00:55, EXEC, v:1, k:ed@lista_d2, mode:FULL, rate:40, size:196
2026-06-06 21:02:58, MOVE, v:1, k:ed@lista_d2, mode:PICK
2026-06-06 21:02:59, EXEC, v:1, k:ed@lista_d2, mode:FULL, rate:60, size:196
2026-06-06 21:07:12, MOVE, v:1, k:ed@lista_d2, mode:EDIT
2026-06-06 21:08:55, EXEC, v:1, k:ed@lista_d2, mode:FULL, rate:100, size:215
2026-06-06 21:09:12, MOVE, v:1, k:ed@lista_d2, mode:BACK
2026-06-06 21:09:31, MOVE, v:1, k:ed@lista_d2, mode:PICK
2026-06-06 21:09:32, MOVE, v:1, k:ed@lista_d2, mode:BACK
2026-06-06 21:09:54, MOVE, v:1, k:ed@lista_d2, mode:PICK
2026-06-06 21:10:00, SELF, v:1, k:ed@lista_d2, self:1, rate:100, study:50
2026-06-06 21:10:02, MOVE, v:1, k:ed@lista_d2, mode:BACK
2026-06-06 21:09:09, MOVE, v:1, k:ed@lista_d2, mode:EDIT
